<?xml version="1.0" encoding="UTF-8"?>
<!-- Generated by org.testng.reporters.JUnitReportReporter -->
<testsuite hostname="DESKTOP-IUTRN3K" failures="0" tests="3" name="testCases.AccoundIDSB" time="375.252" errors="0" timestamp="2024-03-20T17:07:58 IST" skipped="0">
  <testcase classname="testCases.AccoundIDSB" name="approved" time="197.467"/>
  <testcase classname="testCases.AccoundIDSB" name="accIdCatalog" time="89.631"/>
  <testcase classname="testCases.AccoundIDSB" name="ticketSubmit" time="88.154"/>
</testsuite> <!-- testCases.AccoundIDSB -->
